  Anim_Track.cpp
  BoidEngine.cpp
  Camera.cpp
  CmdHandler.cpp
  EdgeBuffer.cpp
  EnvironmentManager.cpp
  GraphicsManager.cpp
  ImageBuffer.cpp
  ImageReader.cpp
  InputHandler.cpp
  Light.cpp
  main.cpp
  Mesh.cpp
  MeshManager.cpp
  MeshObject.cpp
  Mouse_Handler.cpp
  Object.cpp
  Object3D.cpp
  Object_Factory.cpp
  Plane.cpp
  Generating Code...
  Compiling...
  Shader.cpp
  ShaderManager.cpp
  Sphere.cpp
  Texture.cpp
  TextureManager.cpp
  Triangle.cpp
  Generating Code...
LINK : warning LNK4098: defaultlib 'MSVCRT' conflicts with use of other libs; use /NODEFAULTLIB:library
  Renderer.vcxproj -> C:\Users\James\source\repos\EvanQuan\CPSC585\Debug\Renderer.exe
