u:\documents\cpsc591\rollercoaster\release\renderer.exe
u:\documents\cpsc591\rollercoaster\release\renderer.pdb
u:\documents\cpsc591\rollercoaster\release\vc140.pdb
u:\documents\cpsc591\rollercoaster\release\shader.obj
u:\documents\cpsc591\rollercoaster\release\plane.obj
u:\documents\cpsc591\rollercoaster\release\object_factory.obj
u:\documents\cpsc591\rollercoaster\release\object3d.obj
u:\documents\cpsc591\rollercoaster\release\object.obj
u:\documents\cpsc591\rollercoaster\release\mouse_handler.obj
u:\documents\cpsc591\rollercoaster\release\meshobject.obj
u:\documents\cpsc591\rollercoaster\release\meshmanager.obj
u:\documents\cpsc591\rollercoaster\release\mesh.obj
u:\documents\cpsc591\rollercoaster\release\main.obj
u:\documents\cpsc591\rollercoaster\release\light.obj
u:\documents\cpsc591\rollercoaster\release\inputhandler.obj
u:\documents\cpsc591\rollercoaster\release\imagereader.obj
u:\documents\cpsc591\rollercoaster\release\imagebuffer.obj
u:\documents\cpsc591\rollercoaster\release\graphicsmanager.obj
u:\documents\cpsc591\rollercoaster\release\environmentmanager.obj
u:\documents\cpsc591\rollercoaster\release\edgebuffer.obj
u:\documents\cpsc591\rollercoaster\release\cmdhandler.obj
u:\documents\cpsc591\rollercoaster\release\camera.obj
u:\documents\cpsc591\rollercoaster\release\anim_track.obj
u:\documents\cpsc591\rollercoaster\release\triangle.obj
u:\documents\cpsc591\rollercoaster\release\texturemanager.obj
u:\documents\cpsc591\rollercoaster\release\texture.obj
u:\documents\cpsc591\rollercoaster\release\sphere.obj
u:\documents\cpsc591\rollercoaster\release\shadermanager.obj
u:\documents\cpsc591\rollercoaster\release\renderer.ipdb
u:\documents\cpsc591\rollercoaster\release\renderer.iobj
u:\documents\cpsc591\rollercoaster\release\renderer.tlog\link.write.1.tlog
u:\documents\cpsc591\rollercoaster\release\renderer.tlog\cl.read.1.tlog
u:\documents\cpsc591\rollercoaster\release\renderer.tlog\link.read.1.tlog
u:\documents\cpsc591\rollercoaster\release\renderer.tlog\cl.command.1.tlog
u:\documents\cpsc591\rollercoaster\release\renderer.tlog\cl.write.1.tlog
u:\documents\cpsc591\rollercoaster\release\renderer.tlog\link.command.1.tlog
